<?xml version="1.0" encoding="UTF-8"?>
<testsuite name="com.jojoldu.book.springboot.web.PostsApiControllerTest" tests="2" skipped="0" failures="0" errors="0" timestamp="2022-08-28T04:07:06" hostname="songjaeheon-ThinkPad-E14-Gen-3" time="0.131">
  <properties/>
  <testcase name="Posts_등록된다" classname="com.jojoldu.book.springboot.web.PostsApiControllerTest" time="0.086"/>
  <testcase name="Posts_수정된다" classname="com.jojoldu.book.springboot.web.PostsApiControllerTest" time="0.044"/>
  <system-out><![CDATA[2022-08-28 13:07:04.356  INFO 6871 --- [    Test worker] .b.t.c.SpringBootTestContextBootstrapper : Neither @ContextConfiguration nor @ContextHierarchy found for test class [com.jojoldu.book.springboot.web.PostsApiControllerTest], using SpringBootContextLoader
2022-08-28 13:07:04.357  INFO 6871 --- [    Test worker] o.s.t.c.support.AbstractContextLoader    : Could not detect default resource locations for test class [com.jojoldu.book.springboot.web.PostsApiControllerTest]: no resource found for suffixes {-context.xml, Context.groovy}.
2022-08-28 13:07:04.357  INFO 6871 --- [    Test worker] t.c.s.AnnotationConfigContextLoaderUtils : Could not detect default configuration classes for test class [com.jojoldu.book.springboot.web.PostsApiControllerTest]: PostsApiControllerTest does not declare any static, non-private, non-final, nested classes annotated with @Configuration.
2022-08-28 13:07:04.359  INFO 6871 --- [    Test worker] .b.t.c.SpringBootTestContextBootstrapper : Found @SpringBootConfiguration com.jojoldu.book.springboot.Application for test class com.jojoldu.book.springboot.web.PostsApiControllerTest
2022-08-28 13:07:04.361  INFO 6871 --- [    Test worker] .b.t.c.SpringBootTestContextBootstrapper : Loaded default TestExecutionListener class names from location [META-INF/spring.factories]: [org.springframework.security.test.context.support.WithSecurityContextTestExecutionListener, org.springframework.security.test.context.support.ReactorContextTestExecutionListener, org.springframework.boot.test.autoconfigure.restdocs.RestDocsTestExecutionListener, org.springframework.boot.test.autoconfigure.web.client.MockRestServiceServerResetTestExecutionListener, org.springframework.boot.test.autoconfigure.web.servlet.MockMvcPrintOnlyOnFailureTestExecutionListener, org.springframework.boot.test.autoconfigure.web.servlet.WebDriverTestExecutionListener, org.springframework.boot.test.mock.mockito.MockitoTestExecutionListener, org.springframework.boot.test.mock.mockito.ResetMocksTestExecutionListener, org.springframework.test.context.web.ServletTestExecutionListener, org.springframework.test.context.support.DirtiesContextBeforeModesTestExecutionListener, org.springframework.test.context.support.DependencyInjectionTestExecutionListener, org.springframework.test.context.support.DirtiesContextTestExecutionListener, org.springframework.test.context.transaction.TransactionalTestExecutionListener, org.springframework.test.context.jdbc.SqlScriptsTestExecutionListener]
2022-08-28 13:07:04.362  INFO 6871 --- [    Test worker] .b.t.c.SpringBootTestContextBootstrapper : Using TestExecutionListeners: [org.springframework.test.context.web.ServletTestExecutionListener@3233ee0, org.springframework.test.context.support.DirtiesContextBeforeModesTestExecutionListener@3d7c3ab5, org.springframework.boot.test.mock.mockito.MockitoTestExecutionListener@7ce4d32d, org.springframework.boot.test.autoconfigure.SpringBootDependencyInjectionTestExecutionListener@599f7a58, org.springframework.test.context.support.DirtiesContextTestExecutionListener@43d19bb5, org.springframework.test.context.transaction.TransactionalTestExecutionListener@1f24b8e8, org.springframework.test.context.jdbc.SqlScriptsTestExecutionListener@45036d9a, org.springframework.security.test.context.support.WithSecurityContextTestExecutionListener@67ec82d8, org.springframework.security.test.context.support.ReactorContextTestExecutionListener@28afb1a3, org.springframework.boot.test.autoconfigure.restdocs.RestDocsTestExecutionListener@12f6afa6, org.springframework.boot.test.autoconfigure.web.client.MockRestServiceServerResetTestExecutionListener@4c476fdf, org.springframework.boot.test.autoconfigure.web.servlet.MockMvcPrintOnlyOnFailureTestExecutionListener@4fbedecd, org.springframework.boot.test.autoconfigure.web.servlet.WebDriverTestExecutionListener@1ac95c30, org.springframework.boot.test.mock.mockito.ResetMocksTestExecutionListener@3d654b50]

  .   ____          _            __ _ _
 /\\ / ___'_ __ _ _(_)_ __  __ _ \ \ \ \
( ( )\___ | '_ | '_| | '_ \/ _` | \ \ \ \
 \\/  ___)| |_)| | | | | || (_| |  ) ) ) )
  '  |____| .__|_| |_|_| |_\__, | / / / /
 =========|_|==============|___/=/_/_/_/
 :: Spring Boot ::        (v2.1.7.RELEASE)

2022-08-28 13:07:04.389  INFO 6871 --- [    Test worker] c.j.b.s.web.PostsApiControllerTest       : Starting PostsApiControllerTest on songjaeheon-ThinkPad-E14-Gen-3 with PID 6871 (started by songjaeheon in /home/songjaeheon/play/freelec-springboot2-webservice)
2022-08-28 13:07:04.389  INFO 6871 --- [    Test worker] c.j.b.s.web.PostsApiControllerTest       : No active profile set, falling back to default profiles: default
2022-08-28 13:07:04.605  INFO 6871 --- [    Test worker] .s.d.r.c.RepositoryConfigurationDelegate : Bootstrapping Spring Data repositories in DEFAULT mode.
2022-08-28 13:07:04.617  INFO 6871 --- [    Test worker] .s.d.r.c.RepositoryConfigurationDelegate : Finished Spring Data repository scanning in 12ms. Found 2 repository interfaces.
2022-08-28 13:07:04.721  INFO 6871 --- [    Test worker] trationDelegate$BeanPostProcessorChecker : Bean 'org.springframework.transaction.annotation.ProxyTransactionManagementConfiguration' of type [org.springframework.transaction.annotation.ProxyTransactionManagementConfiguration$$EnhancerBySpringCGLIB$$7970050f] is not eligible for getting processed by all BeanPostProcessors (for example: not eligible for auto-proxying)
2022-08-28 13:07:04.943  INFO 6871 --- [    Test worker] o.s.b.w.embedded.tomcat.TomcatWebServer  : Tomcat initialized with port(s): 0 (http)
2022-08-28 13:07:04.972  INFO 6871 --- [    Test worker] o.apache.catalina.core.StandardService   : Starting service [Tomcat]
2022-08-28 13:07:04.973  INFO 6871 --- [    Test worker] org.apache.catalina.core.StandardEngine  : Starting Servlet engine: [Apache Tomcat/9.0.22]
2022-08-28 13:07:05.076  INFO 6871 --- [    Test worker] o.a.c.c.C.[Tomcat].[localhost].[/]       : Initializing Spring embedded WebApplicationContext
2022-08-28 13:07:05.076  INFO 6871 --- [    Test worker] o.s.web.context.ContextLoader            : Root WebApplicationContext: initialization completed in 683 ms
2022-08-28 13:07:05.165  INFO 6871 --- [    Test worker] com.zaxxer.hikari.HikariDataSource       : HikariPool-2 - Starting...
2022-08-28 13:07:05.166  INFO 6871 --- [    Test worker] com.zaxxer.hikari.HikariDataSource       : HikariPool-2 - Start completed.
2022-08-28 13:07:05.181  INFO 6871 --- [    Test worker] o.hibernate.jpa.internal.util.LogHelper  : HHH000204: Processing PersistenceUnitInfo [
	name: default
	...]
2022-08-28 13:07:05.186  INFO 6871 --- [    Test worker] org.hibernate.dialect.Dialect            : HHH000400: Using dialect: org.hibernate.dialect.MySQL5InnoDBDialect
Hibernate: drop table if exists posts
Hibernate: drop table if exists user
Hibernate: create table posts (id bigint not null auto_increment, create_date datetime, modified_date datetime, author varchar(255), content TEXT not null, title varchar(500) not null, primary key (id)) engine=InnoDB
Hibernate: create table user (id bigint not null auto_increment, email varchar(255) not null, name varchar(255) not null, picture varchar(255), role varchar(255) not null, primary key (id)) engine=InnoDB
2022-08-28 13:07:05.229  INFO 6871 --- [    Test worker] o.h.t.schema.internal.SchemaCreatorImpl  : HHH000476: Executing import script 'org.hibernate.tool.schema.internal.exec.ScriptSourceInputNonExistentImpl@23cd2ef1'
2022-08-28 13:07:05.230  INFO 6871 --- [    Test worker] j.LocalContainerEntityManagerFactoryBean : Initialized JPA EntityManagerFactory for persistence unit 'default'
2022-08-28 13:07:05.428  INFO 6871 --- [    Test worker] o.h.h.i.QueryTranslatorFactoryInitiator  : HHH000397: Using ASTQueryTranslatorFactory
2022-08-28 13:07:05.530  INFO 6871 --- [    Test worker] o.s.s.web.DefaultSecurityFilterChain     : Creating filter chain: any request, [org.springframework.security.web.context.request.async.WebAsyncManagerIntegrationFilter@4afbf7c4, org.springframework.security.web.context.SecurityContextPersistenceFilter@5329995d, org.springframework.security.web.header.HeaderWriterFilter@2bfb8115, org.springframework.security.web.authentication.logout.LogoutFilter@2fcdb4c3, org.springframework.security.oauth2.client.web.OAuth2AuthorizationRequestRedirectFilter@1e5e4ee5, org.springframework.security.oauth2.client.web.OAuth2LoginAuthenticationFilter@66eafeed, org.springframework.security.web.authentication.ui.DefaultLoginPageGeneratingFilter@30b120f9, org.springframework.security.web.authentication.ui.DefaultLogoutPageGeneratingFilter@22aa4e4, org.springframework.security.web.savedrequest.RequestCacheAwareFilter@5e228dc3, org.springframework.security.web.servletapi.SecurityContextHolderAwareRequestFilter@29a65c3b, org.springframework.security.web.authentication.AnonymousAuthenticationFilter@6eeffb22, org.springframework.security.web.session.SessionManagementFilter@af27f81, org.springframework.security.web.access.ExceptionTranslationFilter@25051073, org.springframework.security.web.access.intercept.FilterSecurityInterceptor@4d00a33c]
2022-08-28 13:07:05.699  INFO 6871 --- [    Test worker] o.s.s.concurrent.ThreadPoolTaskExecutor  : Initializing ExecutorService 'applicationTaskExecutor'
2022-08-28 13:07:05.713  WARN 6871 --- [    Test worker] aWebConfiguration$JpaWebMvcConfiguration : spring.jpa.open-in-view is enabled by default. Therefore, database queries may be performed during view rendering. Explicitly configure spring.jpa.open-in-view to disable this warning
2022-08-28 13:07:05.739  INFO 6871 --- [    Test worker] o.s.b.a.w.s.WelcomePageHandlerMapping    : Adding welcome page template: index
2022-08-28 13:07:05.989  INFO 6871 --- [    Test worker] s.a.ScheduledAnnotationBeanPostProcessor : No TaskScheduler/ScheduledExecutorService bean found for scheduled processing
2022-08-28 13:07:06.022  INFO 6871 --- [    Test worker] o.s.b.w.embedded.tomcat.TomcatWebServer  : Tomcat started on port(s): 36313 (http) with context path ''
2022-08-28 13:07:06.024  INFO 6871 --- [    Test worker] c.j.b.s.web.PostsApiControllerTest       : Started PostsApiControllerTest in 1.66 seconds (JVM running for 11.144)
2022-08-28 13:07:06.034  INFO 6871 --- [    Test worker] o.a.c.c.C.[Tomcat].[localhost].[/]       : Initializing Spring TestDispatcherServlet ''
2022-08-28 13:07:06.035  INFO 6871 --- [    Test worker] o.s.t.web.servlet.TestDispatcherServlet  : Initializing Servlet ''
2022-08-28 13:07:06.043  INFO 6871 --- [    Test worker] o.s.t.web.servlet.TestDispatcherServlet  : Completed initialization in 8 ms
Hibernate: insert into posts (create_date, modified_date, author, content, title) values (?, ?, ?, ?, ?)
Hibernate: select posts0_.id as id1_0_, posts0_.create_date as create_d2_0_, posts0_.modified_date as modified3_0_, posts0_.author as author4_0_, posts0_.content as content5_0_, posts0_.title as title6_0_ from posts posts0_
Hibernate: select posts0_.id as id1_0_, posts0_.create_date as create_d2_0_, posts0_.modified_date as modified3_0_, posts0_.author as author4_0_, posts0_.content as content5_0_, posts0_.title as title6_0_ from posts posts0_
Hibernate: delete from posts where id=?
2022-08-28 13:07:06.119  INFO 6871 --- [    Test worker] o.a.c.c.C.[Tomcat].[localhost].[/]       : Initializing Spring TestDispatcherServlet ''
2022-08-28 13:07:06.120  INFO 6871 --- [    Test worker] o.s.t.web.servlet.TestDispatcherServlet  : Initializing Servlet ''
2022-08-28 13:07:06.124  INFO 6871 --- [    Test worker] o.s.t.web.servlet.TestDispatcherServlet  : Completed initialization in 4 ms
Hibernate: insert into posts (create_date, modified_date, author, content, title) values (?, ?, ?, ?, ?)
Hibernate: select posts0_.id as id1_0_0_, posts0_.create_date as create_d2_0_0_, posts0_.modified_date as modified3_0_0_, posts0_.author as author4_0_0_, posts0_.content as content5_0_0_, posts0_.title as title6_0_0_ from posts posts0_ where posts0_.id=?
Hibernate: update posts set create_date=?, modified_date=?, author=?, content=?, title=? where id=?
Hibernate: select posts0_.id as id1_0_, posts0_.create_date as create_d2_0_, posts0_.modified_date as modified3_0_, posts0_.author as author4_0_, posts0_.content as content5_0_, posts0_.title as title6_0_ from posts posts0_
Hibernate: select posts0_.id as id1_0_, posts0_.create_date as create_d2_0_, posts0_.modified_date as modified3_0_, posts0_.author as author4_0_, posts0_.content as content5_0_, posts0_.title as title6_0_ from posts posts0_
Hibernate: delete from posts where id=?
]]></system-out>
  <system-err><![CDATA[]]></system-err>
</testsuite>
